<?xml version="1.0" encoding="UTF-8"?>
<!-- Generated by org.testng.reporters.JUnitReportReporter -->
<testsuite hostname="DESKTOP-VUPSQ68" failures="0" tests="6" name="requirement1.CarLoanCalculator" time="24.075" errors="0" timestamp="02 Mar 2021 12:09:26 GMT" skipped="0">
  <testcase classname="requirement1.CarLoanCalculator" name="getPrerequisite" time="0.046"/>
  <testcase classname="requirement1.CarLoanCalculator" name="createWebDriver" time="8.457"/>
  <testcase classname="requirement1.CarLoanCalculator" name="navigateUrl" time="12.089"/>
  <testcase classname="requirement1.CarLoanCalculator" name="enterData" time="2.984"/>
  <testcase classname="requirement1.CarLoanCalculator" name="retriveOutput" time="0.205"/>
  <testcase classname="requirement1.CarLoanCalculator" name="closeDriver" time="0.294"/>
</testsuite> <!-- requirement1.CarLoanCalculator -->
