<?xml version="1.0" encoding="UTF-8"?>
<!-- Generated by org.testng.reporters.JUnitReportReporter -->
<testsuite hostname="DESKTOP-VUPSQ68" failures="0" tests="6" name="requirement1.CarLoanCalculator" time="22.377" errors="0" timestamp="02 Mar 2021 12:12:22 GMT" skipped="0">
  <testcase classname="requirement1.CarLoanCalculator" name="getPrerequisite" time="0.016"/>
  <testcase classname="requirement1.CarLoanCalculator" name="createWebDriver" time="6.435"/>
  <testcase classname="requirement1.CarLoanCalculator" name="navigateUrl" time="12.109"/>
  <testcase classname="requirement1.CarLoanCalculator" name="enterData" time="3.329"/>
  <testcase classname="requirement1.CarLoanCalculator" name="retriveOutput" time="0.233"/>
  <testcase classname="requirement1.CarLoanCalculator" name="closeDriver" time="0.255"/>
</testsuite> <!-- requirement1.CarLoanCalculator -->
