<?xml version="1.0" encoding="UTF-8"?>
<!-- Generated by org.testng.reporters.JUnitReportReporter -->
<testsuite hostname="DESKTOP-VUPSQ68" failures="0" tests="8" name="requirement2.webpageDriver" time="44.789" errors="0" timestamp="02 Mar 2021 12:12:22 GMT" skipped="0">
  <testcase classname="requirement2.webpageDriver" name="getPrerequisite" time="0.000"/>
  <testcase classname="requirement2.webpageDriver" name="createWebDriver" time="4.959"/>
  <testcase classname="requirement2.webpageDriver" name="navigateUrl" time="8.966"/>
  <testcase classname="requirement2.webpageDriver" name="navigateToHomeLoanPage" time="5.815"/>
  <testcase classname="requirement2.webpageDriver" name="readExcelSheet" time="6.045"/>
  <testcase classname="requirement2.webpageDriver" name="insertValueToWebsite" time="8.977"/>
  <testcase classname="requirement2.webpageDriver" name="writeExcel" time="9.876"/>
  <testcase classname="requirement2.webpageDriver" name="closeDriver" time="0.151"/>
</testsuite> <!-- requirement2.webpageDriver -->
