<?xml version="1.0" encoding="UTF-8"?>
<!-- Generated by org.testng.reporters.JUnitReportReporter -->
<testsuite hostname="DESKTOP-VUPSQ68" failures="0" tests="11" name="requirement3.EMICalculator" time="52.823" errors="0" timestamp="02 Mar 2021 12:12:22 GMT" skipped="0">
  <testcase classname="requirement3.EMICalculator" name="loadDriver" time="11.544"/>
  <testcase classname="requirement3.EMICalculator" name="getURL" time="7.189"/>
  <testcase classname="requirement3.EMICalculator" name="LoanCalculator" time="18.810"/>
  <testcase classname="requirement3.EMICalculator" name="ChangeOfScale" time="0.176"/>
  <testcase classname="requirement3.EMICalculator" name="takeScreenshot" time="0.708"/>
  <testcase classname="requirement3.EMICalculator" name="LoanAmountCalculator" time="6.220"/>
  <testcase classname="requirement3.EMICalculator" name="ChangeOfScale2" time="0.542"/>
  <testcase classname="requirement3.EMICalculator" name="takeScreenshot1" time="0.770"/>
  <testcase classname="requirement3.EMICalculator" name="LoanTenureCalculator" time="6.164"/>
  <testcase classname="requirement3.EMICalculator" name="takeScreenshot3" time="0.504"/>
  <testcase classname="requirement3.EMICalculator" name="quitDriver" time="0.196"/>
</testsuite> <!-- requirement3.EMICalculator -->
